Using pre-set license
Built from '2020.3/staging' branch; Version is '2020.3.8f1 (507919d4fff5) revision 5273881'; Using compiler version '192528614'; Build Type 'Release'
OS: 'Windows 10 Pro; OS build 19041.928; Version 2004; 64bit' Language: 'ru' Physical Memory: 12206 MB
BatchMode: 1, IsHumanControllingUs: 0, StartBugReporterOnCrash: 0, Is64bit: 1, IsPro: 0

 COMMAND LINE ARGUMENTS:
C:\Program Files\Unity\Hub\Editor\2020.3.8f1\Editor\Unity.exe
-adb2
-batchMode
-noUpm
-name
AssetImportWorker0
-projectPath
D:/Learn/github/GD/Match
-logFile
Logs/AssetImportWorker0.log
-srvPort
62748
Successfully changed project path to: D:/Learn/github/GD/Match
D:/Learn/github/GD/Match
Using Asset Import Pipeline V2.
Refreshing native plugins compatible for Editor in 32.02 ms, found 0 plugins.
Preloading 0 native plugins for Editor in 0.00 ms.
Initialize engine version: 2020.3.8f1 (507919d4fff5)
[Subsystems] Discovering subsystems at path C:/Program Files/Unity/Hub/Editor/2020.3.8f1/Editor/Data/Resources/UnitySubsystems
[Subsystems] Discovering subsystems at path D:/Learn/github/GD/Match/Assets
GfxDevice: creating device client; threaded=0
Direct3D:
    Version:  Direct3D 11.0 [level 11.1]
    Renderer: NVIDIA GeForce GTX 1050 Ti (ID=0x1c82)
    Vendor:   
    VRAM:     4018 MB
    Driver:   27.21.14.6231
Initialize mono
Mono path[0] = 'C:/Program Files/Unity/Hub/Editor/2020.3.8f1/Editor/Data/Managed'
Mono path[1] = 'C:/Program Files/Unity/Hub/Editor/2020.3.8f1/Editor/Data/MonoBleedingEdge/lib/mono/unityjit'
Mono config path = 'C:/Program Files/Unity/Hub/Editor/2020.3.8f1/Editor/Data/MonoBleedingEdge/etc'
Using monoOptions --debugger-agent=transport=dt_socket,embedding=1,server=y,suspend=n,address=127.0.0.1:56400
Begin MonoManager ReloadAssembly
Registering precompiled unity dll's ...
Register platform support module: C:/Program Files/Unity/Hub/Editor/2020.3.8f1/Editor/Data/PlaybackEngines/WindowsStandaloneSupport/UnityEditor.WindowsStandalone.Extensions.dll
Registered in 0.002281 seconds.
Native extension for WindowsStandalone target not found
Refreshing native plugins compatible for Editor in 28.11 ms, found 0 plugins.
Preloading 0 native plugins for Editor in 0.00 ms.
Mono: successfully reloaded assembly
- Completed reload, in  1.981 seconds
Platform modules already initialized, skipping
Registering precompiled user dll's ...
Registered in 0.000669 seconds.
Begin MonoManager ReloadAssembly
Native extension for WindowsStandalone target not found
Refreshing native plugins compatible for Editor in 0.31 ms, found 0 plugins.
Preloading 0 native plugins for Editor in 0.00 ms.
Mono: successfully reloaded assembly
- Completed reload, in  0.918 seconds
Platform modules already initialized, skipping
========================================================================
Worker process is ready to serve import requests
Launched and connected shader compiler UnityShaderCompiler.exe after 0.08 seconds
Refreshing native plugins compatible for Editor in 0.34 ms, found 0 plugins.
Preloading 0 native plugins for Editor in 0.00 ms.
Unloading 1214 Unused Serialized files (Serialized files now loaded: 0)
System memory in use before: 59.7 MB.
System memory in use after: 59.8 MB.

Unloading 22 unused Assets to reduce memory usage. Loaded Objects now: 1644.
Total: 1.966400 ms (FindLiveObjects: 0.159700 ms CreateObjectMapping: 0.111600 ms MarkObjects: 1.624200 ms  DeleteObjects: 0.069100 ms)

========================================================================
Received Import Request.
  path: Assets
  artifactKey: Guid(00000000000000001000000000000000) Importer(815301076,1909f56bfc062723c751e8b465ee728b)
Start importing Assets using Guid(00000000000000001000000000000000) Importer(815301076,1909f56bfc062723c751e8b465ee728b)  -> (artifact id: '42d402b061de3733987d63b9cc3b64de') in 0.010685 seconds
  Import took 0.012813 seconds .

========================================================================
Received Prepare
Refreshing native plugins compatible for Editor in 11.33 ms, found 0 plugins.
Preloading 0 native plugins for Editor in 0.00 ms.
Unloading 15 Unused Serialized files (Serialized files now loaded: 0)
System memory in use before: 35.8 MB.
System memory in use after: 35.9 MB.

Unloading 15 unused Assets to reduce memory usage. Loaded Objects now: 1644.
Total: 1.989900 ms (FindLiveObjects: 0.202400 ms CreateObjectMapping: 0.096600 ms MarkObjects: 1.670600 ms  DeleteObjects: 0.018800 ms)

========================================================================
Received Import Request.
  Time since last request: 10.378673 seconds.
  path: Assets/Scripts
  artifactKey: Guid(85a02f63c0ab82f419d33871b080328d) Importer(815301076,1909f56bfc062723c751e8b465ee728b)
Start importing Assets/Scripts using Guid(85a02f63c0ab82f419d33871b080328d) Importer(815301076,1909f56bfc062723c751e8b465ee728b)  -> (artifact id: 'f1aa75e7656680dbfb8ce7b4b272e72f') in 0.024808 seconds
  Import took 0.028185 seconds .

========================================================================
Received Import Request.
  Time since last request: 2.460209 seconds.
  path: Assets/Scenes
  artifactKey: Guid(f7b66c42ee145314083f073e99178630) Importer(815301076,1909f56bfc062723c751e8b465ee728b)
Start importing Assets/Scenes using Guid(f7b66c42ee145314083f073e99178630) Importer(815301076,1909f56bfc062723c751e8b465ee728b)  -> (artifact id: '4bf9865a42ac04deb6d7662984a29e29') in 0.007322 seconds
  Import took 0.010617 seconds .

========================================================================
Received Import Request.
  Time since last request: 0.000379 seconds.
  path: Assets/Scenes
  artifactKey: Guid(f7b66c42ee145314083f073e99178630) Importer(815301076,1909f56bfc062723c751e8b465ee728b)
Start importing Assets/Scenes using Guid(f7b66c42ee145314083f073e99178630) Importer(815301076,1909f56bfc062723c751e8b465ee728b)  -> (artifact id: '4bf9865a42ac04deb6d7662984a29e29') in 0.010332 seconds
  Import took 0.012430 seconds .

========================================================================
Received Import Request.
  Time since last request: 0.900260 seconds.
  path: Assets/Scenes/SampleScene.unity
  artifactKey: Guid(9fc0d4010bbf28b4594072e72b8655ab) Importer(815301076,1909f56bfc062723c751e8b465ee728b)
Start importing Assets/Scenes/SampleScene.unity using Guid(9fc0d4010bbf28b4594072e72b8655ab) Importer(815301076,1909f56bfc062723c751e8b465ee728b)  -> (artifact id: 'd3dbd388bb14c61e6aaea27197a16bbd') in 0.266183 seconds
  Import took 0.268878 seconds .

========================================================================
Received Import Request.
  Time since last request: 76.457933 seconds.
  path: Packages/com.unity.mobile.android-logcat/Editor/Resources/consola.ttf
  artifactKey: Guid(b8af58820f69b474e8f63dc40a702fbc) Importer(815301076,1909f56bfc062723c751e8b465ee728b)
Start importing Packages/com.unity.mobile.android-logcat/Editor/Resources/consola.ttf using Guid(b8af58820f69b474e8f63dc40a702fbc) Importer(815301076,1909f56bfc062723c751e8b465ee728b)  -> (artifact id: 'e2132b64f2bf08e7190ede33d6fb1a43') in 0.156356 seconds
  Import took 0.158557 seconds .

========================================================================
Received Import Request.
  Time since last request: 641.760111 seconds.
  path: Assets/Material
  artifactKey: Guid(d8f5d2965554bce4ba9b79c1d5d711d6) Importer(815301076,1909f56bfc062723c751e8b465ee728b)
Start importing Assets/Material using Guid(d8f5d2965554bce4ba9b79c1d5d711d6) Importer(815301076,1909f56bfc062723c751e8b465ee728b)  -> (artifact id: '010a1ffc60c72893e1f8ec4bbb0fad03') in 0.008419 seconds
  Import took 0.011430 seconds .

========================================================================
Received Import Request.
  Time since last request: 4.997611 seconds.
  path: Assets/Materials
  artifactKey: Guid(d8f5d2965554bce4ba9b79c1d5d711d6) Importer(815301076,1909f56bfc062723c751e8b465ee728b)
Start importing Assets/Materials using Guid(d8f5d2965554bce4ba9b79c1d5d711d6) Importer(815301076,1909f56bfc062723c751e8b465ee728b)  -> (artifact id: 'a3620b92c8dacd24c4fa3eb2af91826b') in 0.009738 seconds
  Import took 0.015486 seconds .

========================================================================
Received Import Request.
  Time since last request: 17.179945 seconds.
  path: Assets/Materials/Bottom.mat
  artifactKey: Guid(3cd857ee8e020ff4d9b250d7e389231e) Importer(815301076,1909f56bfc062723c751e8b465ee728b)
Start importing Assets/Materials/Bottom.mat using Guid(3cd857ee8e020ff4d9b250d7e389231e) Importer(815301076,1909f56bfc062723c751e8b465ee728b)  -> (artifact id: '0275effe62cd9b7221de38aaa8bf78b4') in 0.499869 seconds
  Import took 0.502025 seconds .

========================================================================
Received Import Request.
  Time since last request: 695.455649 seconds.
  path: Assets/Materials/Invisible.mat
  artifactKey: Guid(14cf2c3c1bece0f498cb89ac13003ece) Importer(815301076,1909f56bfc062723c751e8b465ee728b)
Start importing Assets/Materials/Invisible.mat using Guid(14cf2c3c1bece0f498cb89ac13003ece) Importer(815301076,1909f56bfc062723c751e8b465ee728b)  -> (artifact id: 'b1f00677c5ff87437d8947f433d2e25c') in 0.169490 seconds
  Import took 0.174661 seconds .

========================================================================
Received Prepare
Registering precompiled user dll's ...
Registered in 0.000672 seconds.
Begin MonoManager ReloadAssembly
Native extension for WindowsStandalone target not found
Refreshing native plugins compatible for Editor in 0.36 ms, found 0 plugins.
Preloading 0 native plugins for Editor in 0.00 ms.
Mono: successfully reloaded assembly
- Completed reload, in  1.506 seconds
Platform modules already initialized, skipping
Refreshing native plugins compatible for Editor in 0.89 ms, found 0 plugins.
Preloading 0 native plugins for Editor in 0.00 ms.
Unloading 1209 Unused Serialized files (Serialized files now loaded: 0)
System memory in use before: 63.0 MB.
System memory in use after: 63.1 MB.

Unloading 17 unused Assets to reduce memory usage. Loaded Objects now: 1692.
Total: 2.767200 ms (FindLiveObjects: 0.189200 ms CreateObjectMapping: 0.155800 ms MarkObjects: 2.392900 ms  DeleteObjects: 0.027600 ms)

========================================================================
Received Import Request.
  Time since last request: 405.504890 seconds.
  path: Assets/Scripts/Delete.cs
  artifactKey: Guid(fe058e79f7861f9408e12b96723f0656) Importer(815301076,1909f56bfc062723c751e8b465ee728b)
Start importing Assets/Scripts/Delete.cs using Guid(fe058e79f7861f9408e12b96723f0656) Importer(815301076,1909f56bfc062723c751e8b465ee728b)  -> (artifact id: '76a4591fbbeab8fcdb2c2cd59a2cda3c') in 0.048974 seconds
  Import took 0.052416 seconds .

========================================================================
Received Prepare
Registering precompiled user dll's ...
Registered in 0.000752 seconds.
Begin MonoManager ReloadAssembly
Native extension for WindowsStandalone target not found
Refreshing native plugins compatible for Editor in 1.27 ms, found 0 plugins.
Preloading 0 native plugins for Editor in 0.00 ms.
Mono: successfully reloaded assembly
- Completed reload, in  1.724 seconds
Platform modules already initialized, skipping
Refreshing native plugins compatible for Editor in 0.59 ms, found 0 plugins.
Preloading 0 native plugins for Editor in 0.00 ms.
Unloading 1209 Unused Serialized files (Serialized files now loaded: 0)
System memory in use before: 63.1 MB.
System memory in use after: 63.2 MB.

Unloading 17 unused Assets to reduce memory usage. Loaded Objects now: 1695.
Total: 2.180900 ms (FindLiveObjects: 0.151900 ms CreateObjectMapping: 0.042600 ms MarkObjects: 1.963200 ms  DeleteObjects: 0.021900 ms)

========================================================================
Received Import Request.
  Time since last request: 109.343119 seconds.
  path: Assets/Materials/Focus.mat
  artifactKey: Guid(c7730cc661a1c6d469874a22d0b541c3) Importer(815301076,1909f56bfc062723c751e8b465ee728b)
Start importing Assets/Materials/Focus.mat using Guid(c7730cc661a1c6d469874a22d0b541c3) Importer(815301076,1909f56bfc062723c751e8b465ee728b)  -> (artifact id: '2b47be74d48e45d8e17c60d323696002') in 0.316618 seconds
  Import took 0.319652 seconds .

========================================================================
Received Import Request.
  Time since last request: 60.509634 seconds.
  path: ProjectSettings/TagManager.asset
  artifactKey: Guid(00000000000000003000000000000000) Importer(815301076,1909f56bfc062723c751e8b465ee728b)
Start importing ProjectSettings/TagManager.asset using Guid(00000000000000003000000000000000) Importer(815301076,1909f56bfc062723c751e8b465ee728b)  -> (artifact id: 'ce6a35c3cddc746e7501c0bd0ed6d4ce') in 0.022738 seconds
  Import took 0.025498 seconds .

========================================================================
Received Prepare
Registering precompiled user dll's ...
Registered in 0.000728 seconds.
Begin MonoManager ReloadAssembly
Native extension for WindowsStandalone target not found
Refreshing native plugins compatible for Editor in 0.33 ms, found 0 plugins.
Preloading 0 native plugins for Editor in 0.00 ms.
Mono: successfully reloaded assembly
- Completed reload, in  1.499 seconds
Platform modules already initialized, skipping
Refreshing native plugins compatible for Editor in 0.35 ms, found 0 plugins.
Preloading 0 native plugins for Editor in 0.00 ms.
Unloading 1209 Unused Serialized files (Serialized files now loaded: 0)
System memory in use before: 63.1 MB.
System memory in use after: 63.2 MB.

Unloading 18 unused Assets to reduce memory usage. Loaded Objects now: 1699.
Total: 6.094600 ms (FindLiveObjects: 1.033100 ms CreateObjectMapping: 0.121700 ms MarkObjects: 4.909100 ms  DeleteObjects: 0.028500 ms)

========================================================================
Received Import Request.
  Time since last request: 396.817647 seconds.
  path: Assets/Materials/White.mat
  artifactKey: Guid(295ecc4a2880b5840a32eb51dd7a7fce) Importer(815301076,1909f56bfc062723c751e8b465ee728b)
Start importing Assets/Materials/White.mat using Guid(295ecc4a2880b5840a32eb51dd7a7fce) Importer(815301076,1909f56bfc062723c751e8b465ee728b)  -> (artifact id: 'e76e4b0da116499f99e8cc1dedb26b65') in 0.118735 seconds
  Import took 0.121538 seconds .

========================================================================
Received Import Request.
  Time since last request: 99.189656 seconds.
  path: Assets/Materials/Bottom.mat
  artifactKey: Guid(3cd857ee8e020ff4d9b250d7e389231e) Importer(815301076,1909f56bfc062723c751e8b465ee728b)
Start importing Assets/Materials/Bottom.mat using Guid(3cd857ee8e020ff4d9b250d7e389231e) Importer(815301076,1909f56bfc062723c751e8b465ee728b)  -> (artifact id: '3220b62b6fad3cf9b02f6e1f64d869c0') in 0.228500 seconds
  Import took 0.231323 seconds .

========================================================================
Received Import Request.
  Time since last request: 0.000175 seconds.
  path: Assets/Materials/Invisible.mat
  artifactKey: Guid(14cf2c3c1bece0f498cb89ac13003ece) Importer(815301076,1909f56bfc062723c751e8b465ee728b)
Start importing Assets/Materials/Invisible.mat using Guid(14cf2c3c1bece0f498cb89ac13003ece) Importer(815301076,1909f56bfc062723c751e8b465ee728b)  -> (artifact id: '34d417810020294676211cb01287ae6f') in 0.246524 seconds
  Import took 0.249037 seconds .

========================================================================
Received Prepare
Registering precompiled user dll's ...
Registered in 0.001723 seconds.
Begin MonoManager ReloadAssembly
Native extension for WindowsStandalone target not found
Refreshing native plugins compatible for Editor in 0.35 ms, found 0 plugins.
Preloading 0 native plugins for Editor in 0.00 ms.
Mono: successfully reloaded assembly
- Completed reload, in  1.319 seconds
Platform modules already initialized, skipping
Refreshing native plugins compatible for Editor in 0.32 ms, found 0 plugins.
Preloading 0 native plugins for Editor in 0.00 ms.
Unloading 1209 Unused Serialized files (Serialized files now loaded: 0)
System memory in use before: 63.5 MB.
System memory in use after: 63.6 MB.

Unloading 17 unused Assets to reduce memory usage. Loaded Objects now: 1704.
Total: 2.081400 ms (FindLiveObjects: 0.137600 ms CreateObjectMapping: 0.069700 ms MarkObjects: 1.852200 ms  DeleteObjects: 0.020400 ms)

========================================================================
Received Prepare
Registering precompiled user dll's ...
Registered in 0.001321 seconds.
Begin MonoManager ReloadAssembly
Native extension for WindowsStandalone target not found
Refreshing native plugins compatible for Editor in 0.63 ms, found 0 plugins.
Preloading 0 native plugins for Editor in 0.00 ms.
Mono: successfully reloaded assembly
- Completed reload, in  1.389 seconds
Platform modules already initialized, skipping
Refreshing native plugins compatible for Editor in 0.33 ms, found 0 plugins.
Preloading 0 native plugins for Editor in 0.00 ms.
Unloading 1209 Unused Serialized files (Serialized files now loaded: 0)
System memory in use before: 63.6 MB.
System memory in use after: 63.7 MB.

Unloading 17 unused Assets to reduce memory usage. Loaded Objects now: 1707.
Total: 2.732200 ms (FindLiveObjects: 0.152400 ms CreateObjectMapping: 0.041900 ms MarkObjects: 2.512000 ms  DeleteObjects: 0.024200 ms)

========================================================================
Received Prepare
Registering precompiled user dll's ...
Registered in 0.001493 seconds.
Begin MonoManager ReloadAssembly
Native extension for WindowsStandalone target not found
Refreshing native plugins compatible for Editor in 0.61 ms, found 0 plugins.
Preloading 0 native plugins for Editor in 0.00 ms.
Mono: successfully reloaded assembly
- Completed reload, in  4.377 seconds
Platform modules already initialized, skipping
Refreshing native plugins compatible for Editor in 2.45 ms, found 0 plugins.
Preloading 0 native plugins for Editor in 0.00 ms.
Unloading 1209 Unused Serialized files (Serialized files now loaded: 0)
System memory in use before: 63.6 MB.
System memory in use after: 63.7 MB.

Unloading 17 unused Assets to reduce memory usage. Loaded Objects now: 1710.
Total: 3.988400 ms (FindLiveObjects: 1.027800 ms CreateObjectMapping: 0.388700 ms MarkObjects: 2.533100 ms  DeleteObjects: 0.026800 ms)

========================================================================
Received Import Request.
  Time since last request: 591.181973 seconds.
  path: Assets/Scripts/ClickObj.cs
  artifactKey: Guid(5537f2c3e2ba5394dbb693a34d665bc2) Importer(815301076,1909f56bfc062723c751e8b465ee728b)
Start importing Assets/Scripts/ClickObj.cs using Guid(5537f2c3e2ba5394dbb693a34d665bc2) Importer(815301076,1909f56bfc062723c751e8b465ee728b)  -> (artifact id: 'd72105063efc3e1d5b9b70f454d18c68') in 0.275655 seconds
  Import took 0.287423 seconds .

========================================================================
Received Prepare
Registering precompiled user dll's ...
Registered in 0.000782 seconds.
Begin MonoManager ReloadAssembly
Native extension for WindowsStandalone target not found
Refreshing native plugins compatible for Editor in 3.12 ms, found 0 plugins.
Preloading 0 native plugins for Editor in 0.00 ms.
Mono: successfully reloaded assembly
- Completed reload, in 11.168 seconds
Platform modules already initialized, skipping
Refreshing native plugins compatible for Editor in 2.44 ms, found 0 plugins.
Preloading 0 native plugins for Editor in 0.00 ms.
Unloading 1210 Unused Serialized files (Serialized files now loaded: 0)
System memory in use before: 63.6 MB.
System memory in use after: 63.7 MB.

Unloading 17 unused Assets to reduce memory usage. Loaded Objects now: 1714.
Total: 2.930600 ms (FindLiveObjects: 0.225800 ms CreateObjectMapping: 0.096600 ms MarkObjects: 2.587100 ms  DeleteObjects: 0.019300 ms)

========================================================================
Received Prepare
Registering precompiled user dll's ...
Registered in 0.001033 seconds.
Begin MonoManager ReloadAssembly
Native extension for WindowsStandalone target not found
Refreshing native plugins compatible for Editor in 2.39 ms, found 0 plugins.
Preloading 0 native plugins for Editor in 0.00 ms.
Mono: successfully reloaded assembly
- Completed reload, in  3.462 seconds
Platform modules already initialized, skipping
Refreshing native plugins compatible for Editor in 1.12 ms, found 0 plugins.
Preloading 0 native plugins for Editor in 0.00 ms.
Unloading 1210 Unused Serialized files (Serialized files now loaded: 0)
System memory in use before: 63.6 MB.
System memory in use after: 63.7 MB.

Unloading 17 unused Assets to reduce memory usage. Loaded Objects now: 1717.
Total: 5.648100 ms (FindLiveObjects: 0.508800 ms CreateObjectMapping: 0.257900 ms MarkObjects: 4.860600 ms  DeleteObjects: 0.019300 ms)

========================================================================
Received Import Request.
  Time since last request: 110.394088 seconds.
  path: Assets/Scripts/ClickObj.cs
  artifactKey: Guid(5537f2c3e2ba5394dbb693a34d665bc2) Importer(815301076,1909f56bfc062723c751e8b465ee728b)
Start importing Assets/Scripts/ClickObj.cs using Guid(5537f2c3e2ba5394dbb693a34d665bc2) Importer(815301076,1909f56bfc062723c751e8b465ee728b)  -> (artifact id: 'ce1a5c4f5a59b3ef22a87aebb12a7b96') in 0.050477 seconds
  Import took 0.061222 seconds .

